2026-03-29 17:12:21 - diffusion_denoiser - INFO - Environment info:
2026-03-29 17:12:21 - diffusion_denoiser - INFO - ------------------------------------------------------------
2026-03-29 17:12:21 - diffusion_denoiser - INFO - sys.platform: linux
2026-03-29 17:12:21 - diffusion_denoiser - INFO - Python: 3.10.20 (main, Mar 11 2026, 17:46:40) [GCC 14.3.0]
2026-03-29 17:12:21 - diffusion_denoiser - INFO - PyTorch: 2.10.0+cu128
2026-03-29 17:12:21 - diffusion_denoiser - INFO - CUDA available: True
2026-03-29 17:12:21 - diffusion_denoiser - INFO - CUDA version: 12.8
2026-03-29 17:12:21 - diffusion_denoiser - INFO - GPU: NVIDIA L4
2026-03-29 17:12:21 - diffusion_denoiser - INFO - GPU count: 1
2026-03-29 17:12:21 - diffusion_denoiser - INFO - Hostname: ip-172-31-17-210
2026-03-29 17:12:21 - diffusion_denoiser - INFO - ------------------------------------------------------------
2026-03-29 17:12:21 - diffusion_denoiser - INFO - Config file: configs/denoiser/d3pm_hybrid_uniform_resnet101_512x512_100k.py
2026-03-29 17:12:21 - diffusion_denoiser - INFO - Config:
model_num_classes = 7
model = dict(
    type='DiffusionDenoiserModel',
    num_classes=2,
    num_timesteps=100,
    base_channels=64,
    channel_mult=(1, 2, 4, 8),
    num_res_blocks=1,
    attn_resolutions=(8, ),
    dropout=0.1,
    cond_type='hybrid',
    cond_channels=3,
    cond_base_channels=64,
    cond_encoder_type='pretrained',
    pretrained_cond_cfg=dict(
        backbone_type='resnet101',
        pretrained='open-mmlab://resnet101_v1c',
        freeze_stages=2,
        out_channels=[64, 128, 256, 512]),
    transition_type='uniform',
    beta_schedule='cosine',
    loss_type='hybrid',
    hybrid_lambda=0.01)
dataset_type = 'PseudoLabelDiffusionDataset'
data_root = 'data/OEM_v2_Building'
dataset_num_classes = 3
img_norm_cfg = dict(
    mean=[123.675, 116.28, 103.53], std=[58.395, 57.12, 57.375])
crop_size = (512, 512)
data = dict(
    samples_per_gpu=1,
    workers_per_gpu=4,
    train=dict(
        type='PseudoLabelDiffusionDataset',
        data_root='data/OEM_v2_Building',
        img_dir='images',
        ann_dir='labels',
        pseudo_label_dir='pseudolabels',
        split_file='train.txt',
        num_classes=2,
        crop_size=(384, 384),
        img_suffix='.tif',
        label_suffix='.tif',
        img_norm_cfg=dict(
            mean=[123.675, 116.28, 103.53], std=[58.395, 57.12, 57.375]),
        is_train=True),
    val=dict(
        type='PseudoLabelDiffusionDataset',
        data_root='data/OEM_v2_Building',
        img_dir='images',
        ann_dir='labels',
        pseudo_label_dir='pseudolabels',
        split_file='val.txt',
        num_classes=2,
        crop_size=(384, 384),
        img_suffix='.tif',
        label_suffix='.tif',
        img_norm_cfg=dict(
            mean=[123.675, 116.28, 103.53], std=[58.395, 57.12, 57.375]),
        is_train=False),
    test=dict(
        type='PseudoLabelDiffusionDataset',
        data_root='data/OEM_v2_Building',
        img_dir='images',
        ann_dir='labels',
        pseudo_label_dir='pseudolabels',
        split_file='test.txt',
        num_classes=2,
        crop_size=(384, 384),
        img_suffix='.tif',
        label_suffix='.tif',
        img_norm_cfg=dict(
            mean=[123.675, 116.28, 103.53], std=[58.395, 57.12, 57.375]),
        is_train=False))
seed = 42
cudnn_benchmark = True
log_dir = 'work_dirs'
optimizer = dict(type='AdamW', lr=5e-05, betas=(0.9, 0.999), weight_decay=0.01)
lr_scheduler = dict(
    type='cosine', warmup_iters=5000, warmup_ratio=1e-06, min_lr=1e-06)
max_iters = 100000
checkpoint_interval = 5000
eval_interval = 1000
log_interval = 100
use_ema = True
ema_decay = 0.9999

2026-03-29 17:12:21 - diffusion_denoiser - INFO - ------------------------------------------------------------
2026-03-29 17:12:21 - diffusion_denoiser - INFO - Work dir: work_dirs/d3pm_hybrid_uniform_resnet101_512x512_100k
2026-03-29 17:12:21 - diffusion_denoiser - INFO - Log file: work_dirs/d3pm_hybrid_uniform_resnet101_512x512_100k/20260329_171221.log
2026-03-29 17:12:21 - diffusion_denoiser - INFO - Set random seed to 42
2026-03-29 17:12:26 - diffusion_denoiser.models.conditional_unet - INFO - Building backbone: ResNetV1c with config: ['depth', 'in_channels', 'num_stages', 'out_indices', 'dilations', 'strides', 'norm_cfg', 'norm_eval', 'style', 'contract_dilation']
2026-03-29 17:12:26 - diffusion_denoiser.models.conditional_unet - INFO - load checkpoint from openmmlab path: open-mmlab://resnet101_v1c
2026-03-29 17:12:27 - diffusion_denoiser.models.conditional_unet - WARNING - The model and loaded state dict do not match exactly

unexpected key in source state_dict: fc.weight, fc.bias

2026-03-29 17:12:27 - diffusion_denoiser.models.conditional_unet - INFO - Loaded pretrained weights from open-mmlab://resnet101_v1c
2026-03-29 17:12:27 - diffusion_denoiser.models.conditional_unet - INFO - ResNet: froze stem + layers 1..2 (69 parameters).
2026-03-29 17:12:27 - diffusion_denoiser - INFO - Model parameters: 92,035,874 total, 90,600,482 trainable
2026-03-29 17:12:27 - diffusion_denoiser - INFO - Train dataset: 1721 samples
2026-03-29 17:12:27 - diffusion_denoiser - INFO - Val dataset:   218 samples
2026-03-29 17:12:28 - diffusion_denoiser - INFO - Starting training for 100000 iterations ...
2026-03-29 17:12:28 - diffusion_denoiser - INFO -   Model:      DiffusionDenoiserModel
2026-03-29 17:12:28 - diffusion_denoiser - INFO -   Cond type:  hybrid
2026-03-29 17:12:28 - diffusion_denoiser - INFO -   Noise type: uniform
2026-03-29 17:12:28 - diffusion_denoiser - INFO -   Log every:  100 iters
2026-03-29 17:12:28 - diffusion_denoiser - INFO -   Ckpt every: 5000 iters
2026-03-29 17:12:28 - diffusion_denoiser - INFO -   Eval every: 1000 iters
2026-03-29 17:13:00 - diffusion_denoiser - INFO - Iter [100/100000]  lr: 1.00e-06, loss_ce: 0.6920, loss_kl: 0.0009, loss_total: 0.0078, time: 0.308, data_time: 0.000, memory: 5391, eta: 08:32:43
2026-03-29 17:13:31 - diffusion_denoiser - INFO - Iter [200/100000]  lr: 2.00e-06, loss_ce: 0.4409, loss_kl: 0.0091, loss_total: 0.0135, time: 0.310, data_time: 0.000, memory: 5391, eta: 08:35:37
2026-03-29 17:14:04 - diffusion_denoiser - INFO - Iter [300/100000]  lr: 3.00e-06, loss_ce: 0.2908, loss_kl: 0.0041, loss_total: 0.0070, time: 0.566, data_time: 0.000, memory: 5391, eta: 15:39:48
2026-03-29 17:15:12 - diffusion_denoiser - INFO - Iter [400/100000]  lr: 4.00e-06, loss_ce: 0.3850, loss_kl: 0.0004, loss_total: 0.0043, time: 0.683, data_time: 0.000, memory: 5391, eta: 18:53:55
2026-03-29 17:16:21 - diffusion_denoiser - INFO - Iter [500/100000]  lr: 5.00e-06, loss_ce: 0.2032, loss_kl: 0.0001, loss_total: 0.0022, time: 0.695, data_time: 0.000, memory: 5391, eta: 19:11:53
2026-03-29 17:17:29 - diffusion_denoiser - INFO - Iter [600/100000]  lr: 6.00e-06, loss_ce: 0.1273, loss_kl: 0.0032, loss_total: 0.0045, time: 0.689, data_time: 0.000, memory: 5391, eta: 19:01:27
2026-03-29 17:18:38 - diffusion_denoiser - INFO - Iter [700/100000]  lr: 7.00e-06, loss_ce: 0.1146, loss_kl: 0.0019, loss_total: 0.0030, time: 0.675, data_time: 0.000, memory: 5391, eta: 18:37:06
2026-03-29 17:19:46 - diffusion_denoiser - INFO - Iter [800/100000]  lr: 8.00e-06, loss_ce: 0.1391, loss_kl: 0.0004, loss_total: 0.0017, time: 0.682, data_time: 0.000, memory: 5391, eta: 18:47:17
2026-03-29 17:20:55 - diffusion_denoiser - INFO - Iter [900/100000]  lr: 9.00e-06, loss_ce: 0.3358, loss_kl: 0.0002, loss_total: 0.0035, time: 0.679, data_time: 0.000, memory: 5391, eta: 18:41:03
