2026-03-29 17:13:58 - diffusion_denoiser - INFO - Environment info:
2026-03-29 17:13:58 - diffusion_denoiser - INFO - ------------------------------------------------------------
2026-03-29 17:13:58 - diffusion_denoiser - INFO - sys.platform: linux
2026-03-29 17:13:58 - diffusion_denoiser - INFO - Python: 3.10.20 (main, Mar 11 2026, 17:46:40) [GCC 14.3.0]
2026-03-29 17:13:58 - diffusion_denoiser - INFO - PyTorch: 2.10.0+cu128
2026-03-29 17:13:58 - diffusion_denoiser - INFO - CUDA available: True
2026-03-29 17:13:58 - diffusion_denoiser - INFO - CUDA version: 12.8
2026-03-29 17:13:58 - diffusion_denoiser - INFO - GPU: NVIDIA L4
2026-03-29 17:13:58 - diffusion_denoiser - INFO - GPU count: 1
2026-03-29 17:13:58 - diffusion_denoiser - INFO - Hostname: ip-172-31-17-210
2026-03-29 17:13:58 - diffusion_denoiser - INFO - ------------------------------------------------------------
2026-03-29 17:13:58 - diffusion_denoiser - INFO - Config file: configs/denoiser/d3pm_crossattn_absorbing_resnet50_512x512_100k.py
2026-03-29 17:13:58 - diffusion_denoiser - INFO - Config:
model_num_classes = 7
model = dict(
    type='DiffusionDenoiserModel',
    num_classes=3,
    num_timesteps=100,
    base_channels=64,
    channel_mult=(1, 2, 4, 8),
    num_res_blocks=1,
    attn_resolutions=(8, ),
    dropout=0.1,
    cond_type='crossattn',
    cond_channels=3,
    cond_base_channels=64,
    cond_encoder_type='pretrained',
    pretrained_cond_cfg=dict(
        backbone_type='resnet50',
        pretrained='open-mmlab://resnet50_v1c',
        freeze_stages=1,
        out_channels=[64, 128, 256, 512]),
    transition_type='absorbing',
    beta_schedule='cosine',
    loss_type='hybrid',
    hybrid_lambda=0.01)
dataset_type = 'PseudoLabelDiffusionDataset'
data_root = 'data/OEM_v2_Building'
dataset_num_classes = 3
img_norm_cfg = dict(
    mean=[123.675, 116.28, 103.53], std=[58.395, 57.12, 57.375])
crop_size = (512, 512)
data = dict(
    samples_per_gpu=1,
    workers_per_gpu=4,
    train=dict(
        type='PseudoLabelDiffusionDataset',
        data_root='data/OEM_v2_Building',
        img_dir='images',
        ann_dir='labels',
        pseudo_label_dir='pseudolabels',
        split_file='train.txt',
        num_classes=3,
        crop_size=(384, 384),
        img_suffix='.tif',
        label_suffix='.tif',
        img_norm_cfg=dict(
            mean=[123.675, 116.28, 103.53], std=[58.395, 57.12, 57.375]),
        is_train=True),
    val=dict(
        type='PseudoLabelDiffusionDataset',
        data_root='data/OEM_v2_Building',
        img_dir='images',
        ann_dir='labels',
        pseudo_label_dir='pseudolabels',
        split_file='val.txt',
        num_classes=3,
        crop_size=(384, 384),
        img_suffix='.tif',
        label_suffix='.tif',
        img_norm_cfg=dict(
            mean=[123.675, 116.28, 103.53], std=[58.395, 57.12, 57.375]),
        is_train=False),
    test=dict(
        type='PseudoLabelDiffusionDataset',
        data_root='data/OEM_v2_Building',
        img_dir='images',
        ann_dir='labels',
        pseudo_label_dir='pseudolabels',
        split_file='test.txt',
        num_classes=3,
        crop_size=(384, 384),
        img_suffix='.tif',
        label_suffix='.tif',
        img_norm_cfg=dict(
            mean=[123.675, 116.28, 103.53], std=[58.395, 57.12, 57.375]),
        is_train=False))
seed = 42
cudnn_benchmark = True
log_dir = 'work_dirs'
optimizer = dict(type='AdamW', lr=5e-05, betas=(0.9, 0.999), weight_decay=0.01)
lr_scheduler = dict(
    type='cosine', warmup_iters=5000, warmup_ratio=1e-06, min_lr=1e-06)
max_iters = 100000
checkpoint_interval = 5000
eval_interval = 1000
log_interval = 100
use_ema = True
ema_decay = 0.9999

2026-03-29 17:13:58 - diffusion_denoiser - INFO - ------------------------------------------------------------
2026-03-29 17:13:58 - diffusion_denoiser - INFO - Work dir: work_dirs/d3pm_crossattn_absorbing_resnet50_512x512_100k
2026-03-29 17:13:58 - diffusion_denoiser - INFO - Log file: work_dirs/d3pm_crossattn_absorbing_resnet50_512x512_100k/20260329_171358.log
2026-03-29 17:13:58 - diffusion_denoiser - INFO - Set random seed to 42
2026-03-29 17:14:00 - diffusion_denoiser.models.conditional_unet - INFO - Building backbone: ResNetV1c with config: ['depth', 'in_channels', 'num_stages', 'out_indices', 'dilations', 'strides', 'norm_cfg', 'norm_eval', 'style', 'contract_dilation']
2026-03-29 17:14:00 - diffusion_denoiser.models.conditional_unet - INFO - load checkpoint from openmmlab path: open-mmlab://resnet50_v1c
2026-03-29 17:14:01 - diffusion_denoiser.models.conditional_unet - WARNING - The model and loaded state dict do not match exactly

unexpected key in source state_dict: fc.weight, fc.bias

2026-03-29 17:14:01 - diffusion_denoiser.models.conditional_unet - INFO - Loaded pretrained weights from open-mmlab://resnet50_v1c
2026-03-29 17:14:01 - diffusion_denoiser.models.conditional_unet - INFO - ResNet: froze stem + layers 1..1 (30 parameters).
2026-03-29 17:14:02 - diffusion_denoiser - INFO - Model parameters: 73,043,171 total, 72,827,363 trainable
2026-03-29 17:14:02 - diffusion_denoiser - INFO - Train dataset: 1721 samples
2026-03-29 17:14:02 - diffusion_denoiser - INFO - Val dataset:   218 samples
2026-03-29 17:14:02 - diffusion_denoiser - INFO - Starting training for 100000 iterations ...
2026-03-29 17:14:02 - diffusion_denoiser - INFO -   Model:      DiffusionDenoiserModel
2026-03-29 17:14:02 - diffusion_denoiser - INFO -   Cond type:  crossattn
2026-03-29 17:14:02 - diffusion_denoiser - INFO -   Noise type: absorbing
2026-03-29 17:14:02 - diffusion_denoiser - INFO -   Log every:  100 iters
2026-03-29 17:14:02 - diffusion_denoiser - INFO -   Ckpt every: 5000 iters
2026-03-29 17:14:02 - diffusion_denoiser - INFO -   Eval every: 1000 iters
2026-03-29 17:15:07 - diffusion_denoiser - INFO - Iter [100/100000]  lr: 1.00e-06, loss_ce: 0.8056, loss_kl: 0.0000, loss_total: 0.0081, time: 0.636, data_time: 0.000, memory: 4958, eta: 17:39:30
2026-03-29 17:16:11 - diffusion_denoiser - INFO - Iter [200/100000]  lr: 2.00e-06, loss_ce: 0.7059, loss_kl: 0.0000, loss_total: 0.0071, time: 0.644, data_time: 0.000, memory: 4958, eta: 17:51:07
2026-03-29 17:17:16 - diffusion_denoiser - INFO - Iter [300/100000]  lr: 3.00e-06, loss_ce: 0.4974, loss_kl: 0.0000, loss_total: 0.0050, time: 0.653, data_time: 0.000, memory: 4958, eta: 18:05:14
2026-03-29 17:18:20 - diffusion_denoiser - INFO - Iter [400/100000]  lr: 4.00e-06, loss_ce: 0.3589, loss_kl: 0.0000, loss_total: 0.0036, time: 0.642, data_time: 0.000, memory: 4958, eta: 17:45:07
2026-03-29 17:19:24 - diffusion_denoiser - INFO - Iter [500/100000]  lr: 5.00e-06, loss_ce: 0.2555, loss_kl: 0.0000, loss_total: 0.0026, time: 0.653, data_time: 0.000, memory: 4958, eta: 18:02:06
2026-03-29 17:20:29 - diffusion_denoiser - INFO - Iter [600/100000]  lr: 6.00e-06, loss_ce: 0.1861, loss_kl: 0.0000, loss_total: 0.0019, time: 0.646, data_time: 0.000, memory: 4958, eta: 17:50:41
2026-03-29 17:21:33 - diffusion_denoiser - INFO - Iter [700/100000]  lr: 7.00e-06, loss_ce: 0.1049, loss_kl: 0.0000, loss_total: 0.0010, time: 0.647, data_time: 0.000, memory: 4958, eta: 17:50:13
2026-03-29 17:22:38 - diffusion_denoiser - INFO - Iter [800/100000]  lr: 8.00e-06, loss_ce: 0.1454, loss_kl: 0.0000, loss_total: 0.0015, time: 0.651, data_time: 0.001, memory: 4959, eta: 17:56:17
2026-03-29 17:23:43 - diffusion_denoiser - INFO - Iter [900/100000]  lr: 9.00e-06, loss_ce: 0.1130, loss_kl: 0.0000, loss_total: 0.0011, time: 0.650, data_time: 0.000, memory: 4959, eta: 17:53:43
2026-03-29 17:24:48 - diffusion_denoiser - INFO - Iter [1000/100000]  lr: 1.00e-05, loss_ce: 0.0617, loss_kl: 0.0000, loss_total: 0.0006, time: 0.650, data_time: 0.000, memory: 4959, eta: 17:52:03
2026-03-29 17:24:48 - diffusion_denoiser - INFO - --- Validation @ iter 1000 ---
2026-03-29 17:31:14 - diffusion_denoiser - INFO - mIoU: 0.0815 | best: 0.0815 | eval_time: 385.3s [NEW BEST]
2026-03-29 17:31:14 - diffusion_denoiser - INFO - Per-class IoU: [0.1464, 0.0982, 0.    ]
2026-03-29 17:32:18 - diffusion_denoiser - INFO - Iter [1100/100000]  lr: 1.10e-05, loss_ce: 0.0586, loss_kl: 0.0000, loss_total: 0.0006, time: 0.644, data_time: 0.000, memory: 5239, eta: 17:41:41
2026-03-29 17:33:23 - diffusion_denoiser - INFO - Iter [1200/100000]  lr: 1.20e-05, loss_ce: 0.0616, loss_kl: 0.0000, loss_total: 0.0006, time: 0.641, data_time: 0.000, memory: 5239, eta: 17:35:50
2026-03-29 17:34:27 - diffusion_denoiser - INFO - Iter [1300/100000]  lr: 1.30e-05, loss_ce: 0.0504, loss_kl: 0.0000, loss_total: 0.0005, time: 0.645, data_time: 0.000, memory: 5239, eta: 17:40:21
2026-03-29 17:35:31 - diffusion_denoiser - INFO - Iter [1400/100000]  lr: 1.40e-05, loss_ce: 0.0351, loss_kl: 0.0000, loss_total: 0.0004, time: 0.643, data_time: 0.000, memory: 5239, eta: 17:36:21
2026-03-29 17:36:36 - diffusion_denoiser - INFO - Iter [1500/100000]  lr: 1.50e-05, loss_ce: 0.0295, loss_kl: -0.0000, loss_total: 0.0003, time: 0.647, data_time: 0.000, memory: 5239, eta: 17:41:52
2026-03-29 17:37:40 - diffusion_denoiser - INFO - Iter [1600/100000]  lr: 1.60e-05, loss_ce: 0.0225, loss_kl: 0.0000, loss_total: 0.0002, time: 0.642, data_time: 0.000, memory: 5239, eta: 17:33:29
2026-03-29 17:38:44 - diffusion_denoiser - INFO - Iter [1700/100000]  lr: 1.70e-05, loss_ce: 0.0232, loss_kl: 0.0000, loss_total: 0.0002, time: 0.637, data_time: 0.000, memory: 5239, eta: 17:23:42
2026-03-29 17:39:49 - diffusion_denoiser - INFO - Iter [1800/100000]  lr: 1.80e-05, loss_ce: 0.0399, loss_kl: 0.0000, loss_total: 0.0004, time: 0.653, data_time: 0.000, memory: 5239, eta: 17:48:23
2026-03-29 17:40:54 - diffusion_denoiser - INFO - Iter [1900/100000]  lr: 1.90e-05, loss_ce: 0.0139, loss_kl: 0.0000, loss_total: 0.0001, time: 0.650, data_time: 0.000, memory: 5239, eta: 17:42:31
2026-03-29 17:41:59 - diffusion_denoiser - INFO - Iter [2000/100000]  lr: 2.00e-05, loss_ce: 0.0140, loss_kl: 0.0001, loss_total: 0.0002, time: 0.654, data_time: 0.000, memory: 5239, eta: 17:49:00
2026-03-29 17:41:59 - diffusion_denoiser - INFO - --- Validation @ iter 2000 ---
2026-03-29 17:48:25 - diffusion_denoiser - INFO - mIoU: 0.1864 | best: 0.1864 | eval_time: 382.1s [NEW BEST]
2026-03-29 17:48:25 - diffusion_denoiser - INFO - Per-class IoU: [0.3984, 0.1609, 0.    ]
2026-03-29 17:49:29 - diffusion_denoiser - INFO - Iter [2100/100000]  lr: 2.10e-05, loss_ce: 0.0088, loss_kl: 0.0000, loss_total: 0.0001, time: 0.617, data_time: 0.000, memory: 5241, eta: 16:47:32
2026-03-29 17:50:33 - diffusion_denoiser - INFO - Iter [2200/100000]  lr: 2.20e-05, loss_ce: 0.0104, loss_kl: 0.0000, loss_total: 0.0001, time: 0.652, data_time: 0.000, memory: 5241, eta: 17:42:04
2026-03-29 17:51:38 - diffusion_denoiser - INFO - Iter [2300/100000]  lr: 2.30e-05, loss_ce: 0.0096, loss_kl: 0.0000, loss_total: 0.0001, time: 0.643, data_time: 0.000, memory: 5241, eta: 17:26:37
2026-03-29 17:52:42 - diffusion_denoiser - INFO - Iter [2400/100000]  lr: 2.40e-05, loss_ce: 0.0076, loss_kl: 0.0000, loss_total: 0.0001, time: 0.643, data_time: 0.000, memory: 5241, eta: 17:26:06
2026-03-29 17:53:47 - diffusion_denoiser - INFO - Iter [2500/100000]  lr: 2.50e-05, loss_ce: 0.0070, loss_kl: 0.0000, loss_total: 0.0001, time: 0.638, data_time: 0.000, memory: 5241, eta: 17:16:42
2026-03-29 17:54:51 - diffusion_denoiser - INFO - Iter [2600/100000]  lr: 2.60e-05, loss_ce: 0.0067, loss_kl: 0.0000, loss_total: 0.0001, time: 0.646, data_time: 0.000, memory: 5241, eta: 17:29:02
2026-03-29 17:55:55 - diffusion_denoiser - INFO - Iter [2700/100000]  lr: 2.70e-05, loss_ce: 0.0092, loss_kl: 0.0000, loss_total: 0.0001, time: 0.632, data_time: 0.000, memory: 5241, eta: 17:04:42
2026-03-29 17:57:00 - diffusion_denoiser - INFO - Iter [2800/100000]  lr: 2.80e-05, loss_ce: 0.0052, loss_kl: 0.0000, loss_total: 0.0001, time: 0.644, data_time: 0.000, memory: 5241, eta: 17:23:10
2026-03-29 17:58:04 - diffusion_denoiser - INFO - Iter [2900/100000]  lr: 2.90e-05, loss_ce: 0.0044, loss_kl: 0.0000, loss_total: 0.0000, time: 0.643, data_time: 0.000, memory: 5241, eta: 17:21:14
2026-03-29 17:59:09 - diffusion_denoiser - INFO - Iter [3000/100000]  lr: 3.00e-05, loss_ce: 0.0048, loss_kl: 0.0000, loss_total: 0.0000, time: 0.652, data_time: 0.000, memory: 5241, eta: 17:33:26
2026-03-29 17:59:09 - diffusion_denoiser - INFO - --- Validation @ iter 3000 ---
2026-03-29 18:05:36 - diffusion_denoiser - INFO - mIoU: 0.4936 | best: 0.4936 | eval_time: 382.5s [NEW BEST]
2026-03-29 18:05:36 - diffusion_denoiser - INFO - Per-class IoU: [0.8971, 0.5838, 0.    ]
2026-03-29 18:06:40 - diffusion_denoiser - INFO - Iter [3100/100000]  lr: 3.10e-05, loss_ce: 0.0035, loss_kl: 0.0000, loss_total: 0.0000, time: 0.644, data_time: 0.000, memory: 5242, eta: 17:20:42
2026-03-29 18:07:44 - diffusion_denoiser - INFO - Iter [3200/100000]  lr: 3.20e-05, loss_ce: 0.0033, loss_kl: 0.0000, loss_total: 0.0000, time: 0.645, data_time: 0.000, memory: 5242, eta: 17:20:16
2026-03-29 18:08:49 - diffusion_denoiser - INFO - Iter [3300/100000]  lr: 3.30e-05, loss_ce: 0.0080, loss_kl: 0.0000, loss_total: 0.0001, time: 0.642, data_time: 0.000, memory: 5242, eta: 17:14:29
2026-03-29 18:09:53 - diffusion_denoiser - INFO - Iter [3400/100000]  lr: 3.40e-05, loss_ce: 0.0019, loss_kl: 0.0000, loss_total: 0.0000, time: 0.633, data_time: 0.000, memory: 5242, eta: 16:59:05
2026-03-29 18:10:57 - diffusion_denoiser - INFO - Iter [3500/100000]  lr: 3.50e-05, loss_ce: 0.0019, loss_kl: 0.0000, loss_total: 0.0000, time: 0.639, data_time: 0.000, memory: 5242, eta: 17:08:22
2026-03-29 18:12:02 - diffusion_denoiser - INFO - Iter [3600/100000]  lr: 3.60e-05, loss_ce: 0.0020, loss_kl: 0.0000, loss_total: 0.0000, time: 0.643, data_time: 0.000, memory: 5242, eta: 17:12:24
2026-03-29 18:13:06 - diffusion_denoiser - INFO - Iter [3700/100000]  lr: 3.70e-05, loss_ce: 0.0022, loss_kl: 0.0000, loss_total: 0.0000, time: 0.648, data_time: 0.000, memory: 5242, eta: 17:20:24
2026-03-29 18:14:10 - diffusion_denoiser - INFO - Iter [3800/100000]  lr: 3.80e-05, loss_ce: 0.0031, loss_kl: 0.0000, loss_total: 0.0000, time: 0.637, data_time: 0.000, memory: 5242, eta: 17:00:33
2026-03-29 18:15:15 - diffusion_denoiser - INFO - Iter [3900/100000]  lr: 3.90e-05, loss_ce: 0.0016, loss_kl: 0.0000, loss_total: 0.0000, time: 0.639, data_time: 0.000, memory: 5242, eta: 17:03:52
2026-03-29 18:16:19 - diffusion_denoiser - INFO - Iter [4000/100000]  lr: 4.00e-05, loss_ce: 0.0014, loss_kl: 0.0000, loss_total: 0.0000, time: 0.650, data_time: 0.000, memory: 5242, eta: 17:20:00
2026-03-29 18:16:19 - diffusion_denoiser - INFO - --- Validation @ iter 4000 ---
2026-03-29 18:22:57 - diffusion_denoiser - INFO - mIoU: 0.5252 | best: 0.5252 | eval_time: 389.5s [NEW BEST]
2026-03-29 18:22:57 - diffusion_denoiser - INFO - Per-class IoU: [0.9164, 0.6592, 0.    ]
2026-03-29 18:23:59 - diffusion_denoiser - INFO - Iter [4100/100000]  lr: 4.10e-05, loss_ce: 0.0011, loss_kl: 0.0000, loss_total: 0.0000, time: 0.657, data_time: 0.000, memory: 5242, eta: 17:30:34
2026-03-29 18:25:04 - diffusion_denoiser - INFO - Iter [4200/100000]  lr: 4.20e-05, loss_ce: 0.0014, loss_kl: 0.0000, loss_total: 0.0000, time: 0.653, data_time: 0.000, memory: 5242, eta: 17:22:11
2026-03-29 18:26:08 - diffusion_denoiser - INFO - Iter [4300/100000]  lr: 4.30e-05, loss_ce: 0.0011, loss_kl: 0.0000, loss_total: 0.0000, time: 0.644, data_time: 0.000, memory: 5242, eta: 17:07:04
2026-03-29 18:27:12 - diffusion_denoiser - INFO - Iter [4400/100000]  lr: 4.40e-05, loss_ce: 0.0017, loss_kl: 0.0000, loss_total: 0.0000, time: 0.632, data_time: 0.000, memory: 5242, eta: 16:47:00
2026-03-29 18:28:17 - diffusion_denoiser - INFO - Iter [4500/100000]  lr: 4.50e-05, loss_ce: 0.0010, loss_kl: -0.0000, loss_total: 0.0000, time: 0.643, data_time: 0.000, memory: 5242, eta: 17:04:11
2026-03-29 18:29:21 - diffusion_denoiser - INFO - Iter [4600/100000]  lr: 4.60e-05, loss_ce: 0.0012, loss_kl: 0.0000, loss_total: 0.0000, time: 0.642, data_time: 0.000, memory: 5242, eta: 17:00:39
2026-03-29 18:30:25 - diffusion_denoiser - INFO - Iter [4700/100000]  lr: 4.70e-05, loss_ce: 0.0008, loss_kl: 0.0000, loss_total: 0.0000, time: 0.655, data_time: 0.000, memory: 5242, eta: 17:20:50
2026-03-29 18:31:30 - diffusion_denoiser - INFO - Iter [4800/100000]  lr: 4.80e-05, loss_ce: 0.0007, loss_kl: 0.0000, loss_total: 0.0000, time: 0.640, data_time: 0.000, memory: 5242, eta: 16:56:05
2026-03-29 18:32:34 - diffusion_denoiser - INFO - Iter [4900/100000]  lr: 4.90e-05, loss_ce: 0.0021, loss_kl: 0.0000, loss_total: 0.0000, time: 0.650, data_time: 0.000, memory: 5242, eta: 17:09:37
2026-03-29 18:33:38 - diffusion_denoiser - INFO - Iter [5000/100000]  lr: 5.00e-05, loss_ce: 0.0006, loss_kl: 0.0000, loss_total: 0.0000, time: 0.647, data_time: 0.000, memory: 5242, eta: 17:04:21
2026-03-29 18:33:39 - diffusion_denoiser - INFO - Saving checkpoint at 5000 iterations: work_dirs/d3pm_crossattn_absorbing_resnet50_512x512_100k/iter_5000.pth
2026-03-29 18:33:39 - diffusion_denoiser - INFO - --- Validation @ iter 5000 ---
2026-03-29 18:40:08 - diffusion_denoiser - INFO - mIoU: 0.5341 | best: 0.5341 | eval_time: 384.8s [NEW BEST]
2026-03-29 18:40:08 - diffusion_denoiser - INFO - Per-class IoU: [0.9215, 0.6807, 0.    ]
2026-03-29 18:41:07 - diffusion_denoiser - INFO - Iter [5100/100000]  lr: 5.00e-05, loss_ce: 0.0005, loss_kl: 0.0000, loss_total: 0.0000, time: 0.647, data_time: 0.000, memory: 5243, eta: 17:03:41
2026-03-29 18:42:11 - diffusion_denoiser - INFO - Iter [5200/100000]  lr: 5.00e-05, loss_ce: 0.0005, loss_kl: 0.0000, loss_total: 0.0000, time: 0.651, data_time: 0.000, memory: 5243, eta: 17:08:10
2026-03-29 18:43:15 - diffusion_denoiser - INFO - Iter [5300/100000]  lr: 5.00e-05, loss_ce: 0.0008, loss_kl: 0.0000, loss_total: 0.0000, time: 0.645, data_time: 0.000, memory: 5243, eta: 16:58:04
2026-03-29 18:44:20 - diffusion_denoiser - INFO - Iter [5400/100000]  lr: 5.00e-05, loss_ce: 0.0007, loss_kl: 0.0000, loss_total: 0.0000, time: 0.650, data_time: 0.000, memory: 5243, eta: 17:05:21
2026-03-29 18:45:24 - diffusion_denoiser - INFO - Iter [5500/100000]  lr: 5.00e-05, loss_ce: 0.0004, loss_kl: 0.0000, loss_total: 0.0000, time: 0.647, data_time: 0.000, memory: 5243, eta: 16:59:17
2026-03-29 18:46:28 - diffusion_denoiser - INFO - Iter [5600/100000]  lr: 5.00e-05, loss_ce: 0.0029, loss_kl: 0.0000, loss_total: 0.0000, time: 0.649, data_time: 0.000, memory: 5243, eta: 17:01:17
2026-03-29 18:47:33 - diffusion_denoiser - INFO - Iter [5700/100000]  lr: 5.00e-05, loss_ce: 0.0004, loss_kl: 0.0000, loss_total: 0.0000, time: 0.640, data_time: 0.000, memory: 5243, eta: 16:46:33
2026-03-29 18:48:37 - diffusion_denoiser - INFO - Iter [5800/100000]  lr: 5.00e-05, loss_ce: 0.0003, loss_kl: 0.0000, loss_total: 0.0000, time: 0.638, data_time: 0.000, memory: 5243, eta: 16:42:10
2026-03-29 18:49:41 - diffusion_denoiser - INFO - Iter [5900/100000]  lr: 5.00e-05, loss_ce: 0.0003, loss_kl: 0.0000, loss_total: 0.0000, time: 0.641, data_time: 0.000, memory: 5243, eta: 16:45:51
2026-03-29 18:50:45 - diffusion_denoiser - INFO - Iter [6000/100000]  lr: 5.00e-05, loss_ce: 0.0003, loss_kl: 0.0000, loss_total: 0.0000, time: 0.641, data_time: 0.000, memory: 5243, eta: 16:44:52
2026-03-29 18:50:45 - diffusion_denoiser - INFO - --- Validation @ iter 6000 ---
2026-03-29 18:57:17 - diffusion_denoiser - INFO - mIoU: 0.5369 | best: 0.5369 | eval_time: 387.3s [NEW BEST]
2026-03-29 18:57:17 - diffusion_denoiser - INFO - Per-class IoU: [0.9228, 0.6878, 0.    ]
2026-03-29 18:58:22 - diffusion_denoiser - INFO - Iter [6100/100000]  lr: 5.00e-05, loss_ce: 0.0003, loss_kl: 0.0000, loss_total: 0.0000, time: 0.647, data_time: 0.000, memory: 5243, eta: 16:53:19
2026-03-29 18:59:20 - diffusion_denoiser - INFO - Iter [6200/100000]  lr: 5.00e-05, loss_ce: 0.0003, loss_kl: 0.0000, loss_total: 0.0000, time: 0.639, data_time: 0.000, memory: 5243, eta: 16:39:08
2026-03-29 19:00:25 - diffusion_denoiser - INFO - Iter [6300/100000]  lr: 5.00e-05, loss_ce: 0.0003, loss_kl: 0.0000, loss_total: 0.0000, time: 0.644, data_time: 0.000, memory: 5243, eta: 16:45:04
2026-03-29 19:01:29 - diffusion_denoiser - INFO - Iter [6400/100000]  lr: 5.00e-05, loss_ce: 0.0003, loss_kl: 0.0000, loss_total: 0.0000, time: 0.643, data_time: 0.000, memory: 5243, eta: 16:42:59
2026-03-29 19:02:33 - diffusion_denoiser - INFO - Iter [6500/100000]  lr: 5.00e-05, loss_ce: 0.0002, loss_kl: 0.0000, loss_total: 0.0000, time: 0.651, data_time: 0.000, memory: 5243, eta: 16:54:08
2026-03-29 19:03:38 - diffusion_denoiser - INFO - Iter [6600/100000]  lr: 5.00e-05, loss_ce: 0.0002, loss_kl: 0.0000, loss_total: 0.0000, time: 0.646, data_time: 0.000, memory: 5243, eta: 16:45:48
2026-03-29 19:04:42 - diffusion_denoiser - INFO - Iter [6700/100000]  lr: 5.00e-05, loss_ce: 0.0002, loss_kl: 0.0000, loss_total: 0.0000, time: 0.649, data_time: 0.000, memory: 5243, eta: 16:49:23
2026-03-29 19:05:47 - diffusion_denoiser - INFO - Iter [6800/100000]  lr: 5.00e-05, loss_ce: 0.0002, loss_kl: 0.0000, loss_total: 0.0000, time: 0.632, data_time: 0.000, memory: 5243, eta: 16:21:32
2026-03-29 19:06:51 - diffusion_denoiser - INFO - Iter [6900/100000]  lr: 5.00e-05, loss_ce: 0.0002, loss_kl: -0.0000, loss_total: 0.0000, time: 0.647, data_time: 0.000, memory: 5243, eta: 16:44:28
2026-03-29 19:07:56 - diffusion_denoiser - INFO - Iter [7000/100000]  lr: 4.99e-05, loss_ce: 0.0002, loss_kl: 0.0000, loss_total: 0.0000, time: 0.642, data_time: 0.000, memory: 5243, eta: 16:35:22
2026-03-29 19:07:56 - diffusion_denoiser - INFO - --- Validation @ iter 7000 ---
2026-03-29 19:14:25 - diffusion_denoiser - INFO - mIoU: 0.5372 | best: 0.5372 | eval_time: 386.0s [NEW BEST]
2026-03-29 19:14:25 - diffusion_denoiser - INFO - Per-class IoU: [0.9229, 0.6887, 0.    ]
2026-03-29 19:15:31 - diffusion_denoiser - INFO - Iter [7100/100000]  lr: 4.99e-05, loss_ce: 0.0011, loss_kl: 0.0000, loss_total: 0.0000, time: 0.649, data_time: 0.000, memory: 5243, eta: 16:44:12
2026-03-29 19:16:36 - diffusion_denoiser - INFO - Iter [7200/100000]  lr: 4.99e-05, loss_ce: 0.0002, loss_kl: 0.0000, loss_total: 0.0000, time: 0.650, data_time: 0.000, memory: 5243, eta: 16:44:47
2026-03-29 19:17:34 - diffusion_denoiser - INFO - Iter [7300/100000]  lr: 4.99e-05, loss_ce: 0.0001, loss_kl: 0.0000, loss_total: 0.0000, time: 0.640, data_time: 0.000, memory: 5243, eta: 16:28:51
2026-03-29 19:18:38 - diffusion_denoiser - INFO - Iter [7400/100000]  lr: 4.99e-05, loss_ce: 0.0002, loss_kl: 0.0000, loss_total: 0.0000, time: 0.640, data_time: 0.000, memory: 5243, eta: 16:27:11
2026-03-29 19:19:43 - diffusion_denoiser - INFO - Iter [7500/100000]  lr: 4.99e-05, loss_ce: 0.0001, loss_kl: 0.0000, loss_total: 0.0000, time: 0.635, data_time: 0.000, memory: 5243, eta: 16:18:44
2026-03-29 19:20:47 - diffusion_denoiser - INFO - Iter [7600/100000]  lr: 4.99e-05, loss_ce: 0.0001, loss_kl: 0.0000, loss_total: 0.0000, time: 0.641, data_time: 0.000, memory: 5243, eta: 16:26:29
2026-03-29 19:21:52 - diffusion_denoiser - INFO - Iter [7700/100000]  lr: 4.99e-05, loss_ce: 0.0001, loss_kl: 0.0000, loss_total: 0.0000, time: 0.645, data_time: 0.000, memory: 5243, eta: 16:32:52
2026-03-29 19:22:56 - diffusion_denoiser - INFO - Iter [7800/100000]  lr: 4.99e-05, loss_ce: 0.0003, loss_kl: 0.0000, loss_total: 0.0000, time: 0.632, data_time: 0.000, memory: 5243, eta: 16:10:39
2026-03-29 19:24:00 - diffusion_denoiser - INFO - Iter [7900/100000]  lr: 4.99e-05, loss_ce: 0.0008, loss_kl: 0.0000, loss_total: 0.0000, time: 0.632, data_time: 0.000, memory: 5243, eta: 16:09:54
2026-03-29 19:25:04 - diffusion_denoiser - INFO - Iter [8000/100000]  lr: 4.99e-05, loss_ce: 0.0001, loss_kl: 0.0000, loss_total: 0.0000, time: 0.640, data_time: 0.000, memory: 5243, eta: 16:20:52
2026-03-29 19:25:04 - diffusion_denoiser - INFO - --- Validation @ iter 8000 ---
2026-03-29 19:31:33 - diffusion_denoiser - INFO - mIoU: 0.5372 | best: 0.5372 | eval_time: 385.4s [NEW BEST]
2026-03-29 19:31:33 - diffusion_denoiser - INFO - Per-class IoU: [0.9229, 0.6888, 0.    ]
2026-03-29 19:32:38 - diffusion_denoiser - INFO - Iter [8100/100000]  lr: 4.99e-05, loss_ce: 0.0001, loss_kl: 0.0000, loss_total: 0.0000, time: 0.648, data_time: 0.000, memory: 5243, eta: 16:32:34
2026-03-29 19:33:43 - diffusion_denoiser - INFO - Iter [8200/100000]  lr: 4.99e-05, loss_ce: 0.0002, loss_kl: 0.0000, loss_total: 0.0000, time: 0.653, data_time: 0.000, memory: 5243, eta: 16:39:30
2026-03-29 19:34:48 - diffusion_denoiser - INFO - Iter [8300/100000]  lr: 4.99e-05, loss_ce: 0.0001, loss_kl: 0.0000, loss_total: 0.0000, time: 0.647, data_time: 0.000, memory: 5243, eta: 16:29:35
2026-03-29 19:35:47 - diffusion_denoiser - INFO - Iter [8400/100000]  lr: 4.98e-05, loss_ce: 0.0001, loss_kl: 0.0000, loss_total: 0.0000, time: 0.648, data_time: 0.000, memory: 5243, eta: 16:30:01
2026-03-29 19:36:51 - diffusion_denoiser - INFO - Iter [8500/100000]  lr: 4.98e-05, loss_ce: 0.0001, loss_kl: 0.0000, loss_total: 0.0000, time: 0.652, data_time: 0.000, memory: 5243, eta: 16:34:41
2026-03-29 19:37:55 - diffusion_denoiser - INFO - Iter [8600/100000]  lr: 4.98e-05, loss_ce: 0.0002, loss_kl: 0.0000, loss_total: 0.0000, time: 0.640, data_time: 0.000, memory: 5243, eta: 16:15:20
2026-03-29 19:39:00 - diffusion_denoiser - INFO - Iter [8700/100000]  lr: 4.98e-05, loss_ce: 0.0002, loss_kl: 0.0000, loss_total: 0.0000, time: 0.650, data_time: 0.000, memory: 5243, eta: 16:29:33
2026-03-29 19:40:04 - diffusion_denoiser - INFO - Iter [8800/100000]  lr: 4.98e-05, loss_ce: 0.0001, loss_kl: 0.0000, loss_total: 0.0000, time: 0.640, data_time: 0.000, memory: 5243, eta: 16:13:23
2026-03-29 19:41:09 - diffusion_denoiser - INFO - Iter [8900/100000]  lr: 4.98e-05, loss_ce: 0.0001, loss_kl: 0.0000, loss_total: 0.0000, time: 0.640, data_time: 0.000, memory: 5243, eta: 16:11:39
2026-03-29 19:42:13 - diffusion_denoiser - INFO - Iter [9000/100000]  lr: 4.98e-05, loss_ce: 0.0003, loss_kl: 0.0000, loss_total: 0.0000, time: 0.640, data_time: 0.000, memory: 5243, eta: 16:10:54
2026-03-29 19:42:13 - diffusion_denoiser - INFO - --- Validation @ iter 9000 ---
2026-03-29 19:48:42 - diffusion_denoiser - INFO - mIoU: 0.5372 | best: 0.5372 | eval_time: 385.2s [NEW BEST]
2026-03-29 19:48:42 - diffusion_denoiser - INFO - Per-class IoU: [0.9229, 0.6888, 0.    ]
2026-03-29 19:49:47 - diffusion_denoiser - INFO - Iter [9100/100000]  lr: 4.98e-05, loss_ce: 0.0001, loss_kl: 0.0000, loss_total: 0.0000, time: 0.650, data_time: 0.000, memory: 5243, eta: 16:24:28
2026-03-29 19:50:52 - diffusion_denoiser - INFO - Iter [9200/100000]  lr: 4.98e-05, loss_ce: 0.0001, loss_kl: 0.0000, loss_total: 0.0000, time: 0.650, data_time: 0.000, memory: 5243, eta: 16:23:38
2026-03-29 19:51:57 - diffusion_denoiser - INFO - Iter [9300/100000]  lr: 4.98e-05, loss_ce: 0.0010, loss_kl: 0.0000, loss_total: 0.0000, time: 0.646, data_time: 0.000, memory: 5243, eta: 16:16:50
2026-03-29 19:53:02 - diffusion_denoiser - INFO - Iter [9400/100000]  lr: 4.97e-05, loss_ce: 0.0001, loss_kl: 0.0000, loss_total: 0.0000, time: 0.645, data_time: 0.000, memory: 5243, eta: 16:13:50
2026-03-29 19:54:06 - diffusion_denoiser - INFO - Iter [9500/100000]  lr: 4.97e-05, loss_ce: 0.0001, loss_kl: 0.0000, loss_total: 0.0000, time: 0.645, data_time: 0.000, memory: 5243, eta: 16:12:47
2026-03-29 19:55:11 - diffusion_denoiser - INFO - Iter [9600/100000]  lr: 4.97e-05, loss_ce: 0.0001, loss_kl: 0.0000, loss_total: 0.0000, time: 0.651, data_time: 0.000, memory: 5243, eta: 16:20:53
2026-03-29 19:56:15 - diffusion_denoiser - INFO - Iter [9700/100000]  lr: 4.97e-05, loss_ce: 0.0000, loss_kl: 0.0000, loss_total: 0.0000, time: 0.646, data_time: 0.000, memory: 5243, eta: 16:11:55
2026-03-29 19:57:19 - diffusion_denoiser - INFO - Iter [9800/100000]  lr: 4.97e-05, loss_ce: 0.0001, loss_kl: 0.0000, loss_total: 0.0000, time: 0.642, data_time: 0.000, memory: 5243, eta: 16:05:08
2026-03-29 19:58:23 - diffusion_denoiser - INFO - Iter [9900/100000]  lr: 4.97e-05, loss_ce: 0.0001, loss_kl: 0.0000, loss_total: 0.0000, time: 0.638, data_time: 0.000, memory: 5243, eta: 15:58:08
2026-03-29 19:59:28 - diffusion_denoiser - INFO - Iter [10000/100000]  lr: 4.97e-05, loss_ce: 0.0000, loss_kl: 0.0000, loss_total: 0.0000, time: 0.650, data_time: 0.000, memory: 5243, eta: 16:14:41
2026-03-29 19:59:29 - diffusion_denoiser - INFO - Saving checkpoint at 10000 iterations: work_dirs/d3pm_crossattn_absorbing_resnet50_512x512_100k/iter_10000.pth
2026-03-29 19:59:29 - diffusion_denoiser - INFO - --- Validation @ iter 10000 ---
2026-03-29 20:05:54 - diffusion_denoiser - INFO - mIoU: 0.5373 | best: 0.5373 | eval_time: 381.5s [NEW BEST]
2026-03-29 20:05:54 - diffusion_denoiser - INFO - Per-class IoU: [0.9229, 0.6889, 0.    ]
2026-03-29 20:06:59 - diffusion_denoiser - INFO - Iter [10100/100000]  lr: 4.97e-05, loss_ce: 0.0001, loss_kl: 0.0000, loss_total: 0.0000, time: 0.650, data_time: 0.000, memory: 5243, eta: 16:14:26
2026-03-29 20:08:04 - diffusion_denoiser - INFO - Iter [10200/100000]  lr: 4.96e-05, loss_ce: 0.0000, loss_kl: 0.0000, loss_total: 0.0000, time: 0.651, data_time: 0.000, memory: 5243, eta: 16:14:49
2026-03-29 20:09:09 - diffusion_denoiser - INFO - Iter [10300/100000]  lr: 4.96e-05, loss_ce: 0.0001, loss_kl: 0.0000, loss_total: 0.0000, time: 0.650, data_time: 0.000, memory: 5243, eta: 16:11:24
2026-03-29 20:10:15 - diffusion_denoiser - INFO - Iter [10400/100000]  lr: 4.96e-05, loss_ce: 0.0000, loss_kl: 0.0000, loss_total: 0.0000, time: 0.651, data_time: 0.000, memory: 5243, eta: 16:11:43
2026-03-29 20:11:20 - diffusion_denoiser - INFO - Iter [10500/100000]  lr: 4.96e-05, loss_ce: 0.0001, loss_kl: 0.0000, loss_total: 0.0000, time: 0.639, data_time: 0.000, memory: 5243, eta: 15:52:48
2026-03-29 20:12:24 - diffusion_denoiser - INFO - Iter [10600/100000]  lr: 4.96e-05, loss_ce: 0.0001, loss_kl: 0.0000, loss_total: 0.0000, time: 0.643, data_time: 0.000, memory: 5243, eta: 15:58:26
2026-03-29 20:13:28 - diffusion_denoiser - INFO - Iter [10700/100000]  lr: 4.96e-05, loss_ce: 0.0001, loss_kl: 0.0000, loss_total: 0.0000, time: 0.642, data_time: 0.000, memory: 5243, eta: 15:55:44
2026-03-29 20:14:33 - diffusion_denoiser - INFO - Iter [10800/100000]  lr: 4.96e-05, loss_ce: 0.0000, loss_kl: 0.0000, loss_total: 0.0000, time: 0.649, data_time: 0.000, memory: 5243, eta: 16:04:54
2026-03-29 20:15:37 - diffusion_denoiser - INFO - Iter [10900/100000]  lr: 4.95e-05, loss_ce: 0.0000, loss_kl: 0.0000, loss_total: 0.0000, time: 0.642, data_time: 0.000, memory: 5243, eta: 15:52:43
2026-03-29 20:16:41 - diffusion_denoiser - INFO - Iter [11000/100000]  lr: 4.95e-05, loss_ce: 0.0000, loss_kl: 0.0000, loss_total: 0.0000, time: 0.654, data_time: 0.000, memory: 5243, eta: 16:10:34
2026-03-29 20:16:41 - diffusion_denoiser - INFO - --- Validation @ iter 11000 ---
2026-03-29 20:23:09 - diffusion_denoiser - INFO - mIoU: 0.5373 | best: 0.5373 | eval_time: 383.6s [NEW BEST]
2026-03-29 20:23:09 - diffusion_denoiser - INFO - Per-class IoU: [0.9229, 0.6889, 0.    ]
2026-03-29 20:24:14 - diffusion_denoiser - INFO - Iter [11100/100000]  lr: 4.95e-05, loss_ce: 0.0000, loss_kl: 0.0000, loss_total: 0.0000, time: 0.652, data_time: 0.000, memory: 5243, eta: 16:06:10
2026-03-29 20:25:19 - diffusion_denoiser - INFO - Iter [11200/100000]  lr: 4.95e-05, loss_ce: 0.0000, loss_kl: 0.0000, loss_total: 0.0000, time: 0.651, data_time: 0.000, memory: 5243, eta: 16:03:20
2026-03-29 20:26:24 - diffusion_denoiser - INFO - Iter [11300/100000]  lr: 4.95e-05, loss_ce: 0.0000, loss_kl: 0.0000, loss_total: 0.0000, time: 0.653, data_time: 0.000, memory: 5243, eta: 16:05:24
2026-03-29 20:27:29 - diffusion_denoiser - INFO - Iter [11400/100000]  lr: 4.95e-05, loss_ce: 0.0000, loss_kl: 0.0000, loss_total: 0.0000, time: 0.645, data_time: 0.000, memory: 5243, eta: 15:52:19
2026-03-29 20:28:34 - diffusion_denoiser - INFO - Iter [11500/100000]  lr: 4.94e-05, loss_ce: 0.0000, loss_kl: 0.0000, loss_total: 0.0000, time: 0.650, data_time: 0.000, memory: 5243, eta: 15:58:27
2026-03-29 20:29:38 - diffusion_denoiser - INFO - Iter [11600/100000]  lr: 4.94e-05, loss_ce: 0.0000, loss_kl: 0.0000, loss_total: 0.0000, time: 0.652, data_time: 0.000, memory: 5243, eta: 16:00:30
2026-03-29 20:30:43 - diffusion_denoiser - INFO - Iter [11700/100000]  lr: 4.94e-05, loss_ce: 0.0000, loss_kl: 0.0000, loss_total: 0.0000, time: 0.638, data_time: 0.000, memory: 5243, eta: 15:39:14
2026-03-29 20:31:47 - diffusion_denoiser - INFO - Iter [11800/100000]  lr: 4.94e-05, loss_ce: 0.0001, loss_kl: 0.0000, loss_total: 0.0000, time: 0.643, data_time: 0.000, memory: 5243, eta: 15:45:23
2026-03-29 20:32:51 - diffusion_denoiser - INFO - Iter [11900/100000]  lr: 4.94e-05, loss_ce: 0.0000, loss_kl: 0.0000, loss_total: 0.0000, time: 0.646, data_time: 0.000, memory: 5243, eta: 15:49:07
2026-03-29 20:33:56 - diffusion_denoiser - INFO - Iter [12000/100000]  lr: 4.93e-05, loss_ce: 0.0000, loss_kl: 0.0000, loss_total: 0.0000, time: 0.641, data_time: 0.000, memory: 5243, eta: 15:39:24
2026-03-29 20:33:56 - diffusion_denoiser - INFO - --- Validation @ iter 12000 ---
2026-03-29 20:40:19 - diffusion_denoiser - INFO - mIoU: 0.5373 | best: 0.5373 | eval_time: 383.2s
2026-03-29 20:40:19 - diffusion_denoiser - INFO - Per-class IoU: [0.9229, 0.6889, 0.    ]
2026-03-29 20:41:24 - diffusion_denoiser - INFO - Iter [12100/100000]  lr: 4.93e-05, loss_ce: 0.0000, loss_kl: 0.0000, loss_total: 0.0000, time: 0.656, data_time: 0.000, memory: 5243, eta: 16:01:11
2026-03-29 20:42:29 - diffusion_denoiser - INFO - Iter [12200/100000]  lr: 4.93e-05, loss_ce: 0.0000, loss_kl: 0.0000, loss_total: 0.0000, time: 0.646, data_time: 0.000, memory: 5243, eta: 15:45:11
2026-03-29 20:43:34 - diffusion_denoiser - INFO - Iter [12300/100000]  lr: 4.93e-05, loss_ce: 0.0000, loss_kl: 0.0000, loss_total: 0.0000, time: 0.646, data_time: 0.000, memory: 5243, eta: 15:44:24
2026-03-29 20:44:39 - diffusion_denoiser - INFO - Iter [12400/100000]  lr: 4.93e-05, loss_ce: 0.0000, loss_kl: 0.0000, loss_total: 0.0000, time: 0.649, data_time: 0.000, memory: 5243, eta: 15:46:54
2026-03-29 20:45:44 - diffusion_denoiser - INFO - Iter [12500/100000]  lr: 4.93e-05, loss_ce: 0.0003, loss_kl: 0.0000, loss_total: 0.0000, time: 0.651, data_time: 0.000, memory: 5243, eta: 15:49:08
2026-03-29 20:46:49 - diffusion_denoiser - INFO - Iter [12600/100000]  lr: 4.92e-05, loss_ce: 0.0000, loss_kl: 0.0000, loss_total: 0.0000, time: 0.652, data_time: 0.000, memory: 5243, eta: 15:50:25
2026-03-29 20:47:53 - diffusion_denoiser - INFO - Iter [12700/100000]  lr: 4.92e-05, loss_ce: 0.0000, loss_kl: 0.0000, loss_total: 0.0000, time: 0.634, data_time: 0.000, memory: 5243, eta: 15:22:41
2026-03-29 20:48:57 - diffusion_denoiser - INFO - Iter [12800/100000]  lr: 4.92e-05, loss_ce: 0.0000, loss_kl: 0.0000, loss_total: 0.0000, time: 0.662, data_time: 0.000, memory: 5243, eta: 16:02:10
2026-03-29 20:50:02 - diffusion_denoiser - INFO - Iter [12900/100000]  lr: 4.92e-05, loss_ce: 0.0000, loss_kl: 0.0000, loss_total: 0.0000, time: 0.643, data_time: 0.000, memory: 5243, eta: 15:33:52
2026-03-29 20:51:06 - diffusion_denoiser - INFO - Iter [13000/100000]  lr: 4.91e-05, loss_ce: 0.0000, loss_kl: 0.0000, loss_total: 0.0000, time: 0.646, data_time: 0.000, memory: 5243, eta: 15:36:25
2026-03-29 20:51:06 - diffusion_denoiser - INFO - --- Validation @ iter 13000 ---
2026-03-29 20:57:34 - diffusion_denoiser - INFO - mIoU: 0.5373 | best: 0.5373 | eval_time: 383.6s [NEW BEST]
2026-03-29 20:57:34 - diffusion_denoiser - INFO - Per-class IoU: [0.9229, 0.6889, 0.    ]
2026-03-29 20:58:38 - diffusion_denoiser - INFO - Iter [13100/100000]  lr: 4.91e-05, loss_ce: 0.0001, loss_kl: 0.0000, loss_total: 0.0000, time: 0.649, data_time: 0.000, memory: 5244, eta: 15:40:32
2026-03-29 20:59:43 - diffusion_denoiser - INFO - Iter [13200/100000]  lr: 4.91e-05, loss_ce: 0.0000, loss_kl: 0.0000, loss_total: 0.0000, time: 0.648, data_time: 0.000, memory: 5244, eta: 15:37:36
2026-03-29 21:00:48 - diffusion_denoiser - INFO - Iter [13300/100000]  lr: 4.91e-05, loss_ce: 0.0000, loss_kl: 0.0000, loss_total: 0.0000, time: 0.653, data_time: 0.000, memory: 5244, eta: 15:42:54
2026-03-29 21:01:53 - diffusion_denoiser - INFO - Iter [13400/100000]  lr: 4.91e-05, loss_ce: 0.0000, loss_kl: 0.0000, loss_total: 0.0000, time: 0.650, data_time: 0.000, memory: 5244, eta: 15:37:45
2026-03-29 21:02:58 - diffusion_denoiser - INFO - Iter [13500/100000]  lr: 4.90e-05, loss_ce: 0.0000, loss_kl: 0.0000, loss_total: 0.0000, time: 0.646, data_time: 0.000, memory: 5244, eta: 15:31:39
2026-03-29 21:04:03 - diffusion_denoiser - INFO - Iter [13600/100000]  lr: 4.90e-05, loss_ce: 0.0000, loss_kl: 0.0000, loss_total: 0.0000, time: 0.649, data_time: 0.000, memory: 5244, eta: 15:34:32
2026-03-29 21:05:08 - diffusion_denoiser - INFO - Iter [13700/100000]  lr: 4.90e-05, loss_ce: 0.0000, loss_kl: 0.0000, loss_total: 0.0000, time: 0.649, data_time: 0.000, memory: 5244, eta: 15:33:29
2026-03-29 21:06:12 - diffusion_denoiser - INFO - Iter [13800/100000]  lr: 4.90e-05, loss_ce: 0.0000, loss_kl: 0.0000, loss_total: 0.0000, time: 0.641, data_time: 0.000, memory: 5244, eta: 15:21:30
2026-03-29 21:07:17 - diffusion_denoiser - INFO - Iter [13900/100000]  lr: 4.89e-05, loss_ce: 0.0000, loss_kl: 0.0000, loss_total: 0.0000, time: 0.648, data_time: 0.000, memory: 5244, eta: 15:29:51
2026-03-29 21:08:21 - diffusion_denoiser - INFO - Iter [14000/100000]  lr: 4.89e-05, loss_ce: 0.0000, loss_kl: 0.0000, loss_total: 0.0000, time: 0.646, data_time: 0.000, memory: 5244, eta: 15:25:59
2026-03-29 21:08:21 - diffusion_denoiser - INFO - --- Validation @ iter 14000 ---
2026-03-29 21:14:47 - diffusion_denoiser - INFO - mIoU: 0.5373 | best: 0.5373 | eval_time: 382.1s [NEW BEST]
2026-03-29 21:14:47 - diffusion_denoiser - INFO - Per-class IoU: [0.9229, 0.6889, 0.    ]
2026-03-29 21:15:51 - diffusion_denoiser - INFO - Iter [14100/100000]  lr: 4.89e-05, loss_ce: 0.0000, loss_kl: 0.0000, loss_total: 0.0000, time: 0.642, data_time: 0.000, memory: 5244, eta: 15:18:27
2026-03-29 21:16:56 - diffusion_denoiser - INFO - Iter [14200/100000]  lr: 4.89e-05, loss_ce: 0.0000, loss_kl: 0.0000, loss_total: 0.0000, time: 0.649, data_time: 0.000, memory: 5244, eta: 15:28:22
2026-03-29 21:18:01 - diffusion_denoiser - INFO - Iter [14300/100000]  lr: 4.89e-05, loss_ce: 0.0000, loss_kl: 0.0000, loss_total: 0.0000, time: 0.646, data_time: 0.000, memory: 5244, eta: 15:22:50
2026-03-29 21:19:06 - diffusion_denoiser - INFO - Iter [14400/100000]  lr: 4.88e-05, loss_ce: 0.0003, loss_kl: 0.0000, loss_total: 0.0000, time: 0.649, data_time: 0.000, memory: 5244, eta: 15:25:53
2026-03-29 21:20:10 - diffusion_denoiser - INFO - Iter [14500/100000]  lr: 4.88e-05, loss_ce: 0.0000, loss_kl: 0.0000, loss_total: 0.0000, time: 0.651, data_time: 0.000, memory: 5244, eta: 15:27:44
2026-03-29 21:21:15 - diffusion_denoiser - INFO - Iter [14600/100000]  lr: 4.88e-05, loss_ce: 0.0000, loss_kl: 0.0000, loss_total: 0.0000, time: 0.645, data_time: 0.000, memory: 5244, eta: 15:18:40
2026-03-29 21:22:20 - diffusion_denoiser - INFO - Iter [14700/100000]  lr: 4.88e-05, loss_ce: 0.0000, loss_kl: 0.0000, loss_total: 0.0000, time: 0.647, data_time: 0.002, memory: 5244, eta: 15:20:13
2026-03-29 21:23:25 - diffusion_denoiser - INFO - Iter [14800/100000]  lr: 4.87e-05, loss_ce: 0.0000, loss_kl: 0.0000, loss_total: 0.0000, time: 0.639, data_time: 0.000, memory: 5244, eta: 15:06:56
2026-03-29 21:24:29 - diffusion_denoiser - INFO - Iter [14900/100000]  lr: 4.87e-05, loss_ce: 0.0000, loss_kl: 0.0000, loss_total: 0.0000, time: 0.640, data_time: 0.000, memory: 5244, eta: 15:07:11
2026-03-29 21:25:33 - diffusion_denoiser - INFO - Iter [15000/100000]  lr: 4.87e-05, loss_ce: 0.0000, loss_kl: 0.0000, loss_total: 0.0000, time: 0.653, data_time: 0.000, memory: 5244, eta: 15:25:03
2026-03-29 21:25:34 - diffusion_denoiser - INFO - Saving checkpoint at 15000 iterations: work_dirs/d3pm_crossattn_absorbing_resnet50_512x512_100k/iter_15000.pth
2026-03-29 21:25:34 - diffusion_denoiser - INFO - --- Validation @ iter 15000 ---
2026-03-29 21:32:01 - diffusion_denoiser - INFO - mIoU: 0.5373 | best: 0.5373 | eval_time: 382.9s [NEW BEST]
2026-03-29 21:32:01 - diffusion_denoiser - INFO - Per-class IoU: [0.9229, 0.6889, 0.    ]
2026-03-29 21:33:06 - diffusion_denoiser - INFO - Iter [15100/100000]  lr: 4.86e-05, loss_ce: 0.0000, loss_kl: 0.0000, loss_total: 0.0000, time: 0.646, data_time: 0.000, memory: 5244, eta: 15:14:23
2026-03-29 21:34:10 - diffusion_denoiser - INFO - Iter [15200/100000]  lr: 4.86e-05, loss_ce: 0.0000, loss_kl: 0.0000, loss_total: 0.0000, time: 0.645, data_time: 0.000, memory: 5244, eta: 15:11:41
2026-03-29 21:35:12 - diffusion_denoiser - INFO - Iter [15300/100000]  lr: 4.86e-05, loss_ce: 0.0000, loss_kl: 0.0000, loss_total: 0.0000, time: 0.646, data_time: 0.000, memory: 5244, eta: 15:12:03
2026-03-29 21:36:17 - diffusion_denoiser - INFO - Iter [15400/100000]  lr: 4.86e-05, loss_ce: 0.0000, loss_kl: 0.0000, loss_total: 0.0000, time: 0.653, data_time: 0.000, memory: 5244, eta: 15:20:04
2026-03-29 21:37:22 - diffusion_denoiser - INFO - Iter [15500/100000]  lr: 4.85e-05, loss_ce: 0.0000, loss_kl: 0.0000, loss_total: 0.0000, time: 0.649, data_time: 0.000, memory: 5244, eta: 15:13:26
2026-03-29 21:38:27 - diffusion_denoiser - INFO - Iter [15600/100000]  lr: 4.85e-05, loss_ce: 0.0000, loss_kl: 0.0000, loss_total: 0.0000, time: 0.650, data_time: 0.000, memory: 5244, eta: 15:14:19
2026-03-29 21:39:32 - diffusion_denoiser - INFO - Iter [15700/100000]  lr: 4.85e-05, loss_ce: 0.0000, loss_kl: 0.0000, loss_total: 0.0000, time: 0.651, data_time: 0.000, memory: 5244, eta: 15:15:07
2026-03-29 21:40:37 - diffusion_denoiser - INFO - Iter [15800/100000]  lr: 4.85e-05, loss_ce: 0.0000, loss_kl: 0.0000, loss_total: 0.0000, time: 0.649, data_time: 0.000, memory: 5244, eta: 15:10:55
2026-03-29 21:41:41 - diffusion_denoiser - INFO - Iter [15900/100000]  lr: 4.84e-05, loss_ce: 0.0000, loss_kl: 0.0000, loss_total: 0.0000, time: 0.649, data_time: 0.000, memory: 5244, eta: 15:09:00
2026-03-29 21:42:46 - diffusion_denoiser - INFO - Iter [16000/100000]  lr: 4.84e-05, loss_ce: 0.0000, loss_kl: 0.0000, loss_total: 0.0000, time: 0.643, data_time: 0.000, memory: 5244, eta: 15:00:31
2026-03-29 21:42:46 - diffusion_denoiser - INFO - --- Validation @ iter 16000 ---
2026-03-29 21:49:13 - diffusion_denoiser - INFO - mIoU: 0.5373 | best: 0.5373 | eval_time: 383.2s [NEW BEST]
2026-03-29 21:49:13 - diffusion_denoiser - INFO - Per-class IoU: [0.9229, 0.6889, 0.    ]
2026-03-29 21:50:18 - diffusion_denoiser - INFO - Iter [16100/100000]  lr: 4.84e-05, loss_ce: 0.0000, loss_kl: 0.0000, loss_total: 0.0000, time: 0.638, data_time: 0.000, memory: 5244, eta: 14:52:50
2026-03-29 21:51:22 - diffusion_denoiser - INFO - Iter [16200/100000]  lr: 4.83e-05, loss_ce: 0.0000, loss_kl: 0.0000, loss_total: 0.0000, time: 0.641, data_time: 0.000, memory: 5244, eta: 14:55:20
2026-03-29 21:52:26 - diffusion_denoiser - INFO - Iter [16300/100000]  lr: 4.83e-05, loss_ce: 0.0000, loss_kl: 0.0000, loss_total: 0.0000, time: 0.649, data_time: 0.000, memory: 5244, eta: 15:05:07
2026-03-29 21:53:31 - diffusion_denoiser - INFO - Iter [16400/100000]  lr: 4.83e-05, loss_ce: 0.0000, loss_kl: 0.0000, loss_total: 0.0000, time: 0.645, data_time: 0.000, memory: 5244, eta: 14:58:31
2026-03-29 21:54:36 - diffusion_denoiser - INFO - Iter [16500/100000]  lr: 4.82e-05, loss_ce: 0.0029, loss_kl: -0.0004, loss_total: -0.0003, time: 0.650, data_time: 0.000, memory: 5244, eta: 15:04:44
2026-03-29 21:55:41 - diffusion_denoiser - INFO - Iter [16600/100000]  lr: 4.82e-05, loss_ce: 0.0000, loss_kl: 0.0000, loss_total: 0.0000, time: 0.649, data_time: 0.000, memory: 5244, eta: 15:02:47
2026-03-29 21:56:46 - diffusion_denoiser - INFO - Iter [16700/100000]  lr: 4.82e-05, loss_ce: 0.0000, loss_kl: 0.0000, loss_total: 0.0000, time: 0.635, data_time: 0.000, memory: 5244, eta: 14:41:15
2026-03-29 21:57:51 - diffusion_denoiser - INFO - Iter [16800/100000]  lr: 4.82e-05, loss_ce: 0.0000, loss_kl: 0.0000, loss_total: 0.0000, time: 0.650, data_time: 0.000, memory: 5244, eta: 15:01:58
2026-03-29 21:58:56 - diffusion_denoiser - INFO - Iter [16900/100000]  lr: 4.81e-05, loss_ce: 0.0000, loss_kl: 0.0000, loss_total: 0.0000, time: 0.641, data_time: 0.000, memory: 5244, eta: 14:48:26
2026-03-29 22:00:00 - diffusion_denoiser - INFO - Iter [17000/100000]  lr: 4.81e-05, loss_ce: 0.0000, loss_kl: 0.0000, loss_total: 0.0000, time: 0.650, data_time: 0.000, memory: 5244, eta: 14:58:32
2026-03-29 22:00:00 - diffusion_denoiser - INFO - --- Validation @ iter 17000 ---
2026-03-29 22:06:23 - diffusion_denoiser - INFO - mIoU: 0.5373 | best: 0.5373 | eval_time: 382.7s
2026-03-29 22:06:23 - diffusion_denoiser - INFO - Per-class IoU: [0.9229, 0.6889, 0.    ]
2026-03-29 22:07:27 - diffusion_denoiser - INFO - Iter [17100/100000]  lr: 4.81e-05, loss_ce: 0.0000, loss_kl: 0.0000, loss_total: 0.0000, time: 0.649, data_time: 0.000, memory: 5244, eta: 14:57:12
2026-03-29 22:08:32 - diffusion_denoiser - INFO - Iter [17200/100000]  lr: 4.80e-05, loss_ce: 0.0001, loss_kl: 0.0000, loss_total: 0.0000, time: 0.644, data_time: 0.000, memory: 5244, eta: 14:48:11
2026-03-29 22:09:36 - diffusion_denoiser - INFO - Iter [17300/100000]  lr: 4.80e-05, loss_ce: 0.0001, loss_kl: 0.0000, loss_total: 0.0000, time: 0.646, data_time: 0.000, memory: 5244, eta: 14:50:35
2026-03-29 22:10:40 - diffusion_denoiser - INFO - Iter [17400/100000]  lr: 4.80e-05, loss_ce: 0.0000, loss_kl: 0.0000, loss_total: 0.0000, time: 0.651, data_time: 0.000, memory: 5244, eta: 14:55:33
2026-03-29 22:11:46 - diffusion_denoiser - INFO - Iter [17500/100000]  lr: 4.79e-05, loss_ce: 0.0000, loss_kl: 0.0000, loss_total: 0.0000, time: 0.654, data_time: 0.000, memory: 5244, eta: 14:59:27
2026-03-29 22:12:51 - diffusion_denoiser - INFO - Iter [17600/100000]  lr: 4.79e-05, loss_ce: 0.0000, loss_kl: 0.0000, loss_total: 0.0000, time: 0.648, data_time: 0.000, memory: 5244, eta: 14:49:50
2026-03-29 22:13:56 - diffusion_denoiser - INFO - Iter [17700/100000]  lr: 4.79e-05, loss_ce: 0.0000, loss_kl: 0.0000, loss_total: 0.0000, time: 0.648, data_time: 0.000, memory: 5244, eta: 14:48:56
2026-03-29 22:15:01 - diffusion_denoiser - INFO - Iter [17800/100000]  lr: 4.78e-05, loss_ce: 0.0000, loss_kl: 0.0000, loss_total: 0.0000, time: 0.649, data_time: 0.000, memory: 5244, eta: 14:49:12
2026-03-29 22:16:06 - diffusion_denoiser - INFO - Iter [17900/100000]  lr: 4.78e-05, loss_ce: 0.0000, loss_kl: 0.0000, loss_total: 0.0000, time: 0.650, data_time: 0.002, memory: 5244, eta: 14:49:42
2026-03-29 22:17:11 - diffusion_denoiser - INFO - Iter [18000/100000]  lr: 4.78e-05, loss_ce: 0.0000, loss_kl: 0.0000, loss_total: 0.0000, time: 0.640, data_time: 0.000, memory: 5244, eta: 14:34:32
2026-03-29 22:17:11 - diffusion_denoiser - INFO - --- Validation @ iter 18000 ---
2026-03-29 22:23:33 - diffusion_denoiser - INFO - mIoU: 0.5373 | best: 0.5373 | eval_time: 382.4s
2026-03-29 22:23:33 - diffusion_denoiser - INFO - Per-class IoU: [0.9229, 0.6889, 0.    ]
2026-03-29 22:24:37 - diffusion_denoiser - INFO - Iter [18100/100000]  lr: 4.77e-05, loss_ce: 0.0000, loss_kl: 0.0000, loss_total: 0.0000, time: 0.643, data_time: 0.000, memory: 5244, eta: 14:37:27
2026-03-29 22:25:42 - diffusion_denoiser - INFO - Iter [18200/100000]  lr: 4.77e-05, loss_ce: 0.0001, loss_kl: -0.0000, loss_total: 0.0000, time: 0.635, data_time: 0.000, memory: 5244, eta: 14:26:07
2026-03-29 22:26:46 - diffusion_denoiser - INFO - Iter [18300/100000]  lr: 4.77e-05, loss_ce: 0.0000, loss_kl: 0.0000, loss_total: 0.0000, time: 0.648, data_time: 0.000, memory: 5244, eta: 14:41:51
2026-03-29 22:27:50 - diffusion_denoiser - INFO - Iter [18400/100000]  lr: 4.76e-05, loss_ce: 0.0000, loss_kl: 0.0000, loss_total: 0.0000, time: 0.643, data_time: 0.000, memory: 5244, eta: 14:35:05
2026-03-29 22:28:55 - diffusion_denoiser - INFO - Iter [18500/100000]  lr: 4.76e-05, loss_ce: 0.0001, loss_kl: 0.0000, loss_total: 0.0000, time: 0.656, data_time: 0.000, memory: 5244, eta: 14:51:06
2026-03-29 22:30:00 - diffusion_denoiser - INFO - Iter [18600/100000]  lr: 4.76e-05, loss_ce: 0.0000, loss_kl: 0.0000, loss_total: 0.0000, time: 0.645, data_time: 0.000, memory: 5244, eta: 14:34:46
2026-03-29 22:31:05 - diffusion_denoiser - INFO - Iter [18700/100000]  lr: 4.75e-05, loss_ce: 0.0000, loss_kl: 0.0000, loss_total: 0.0000, time: 0.650, data_time: 0.000, memory: 5244, eta: 14:40:24
2026-03-29 22:32:10 - diffusion_denoiser - INFO - Iter [18800/100000]  lr: 4.75e-05, loss_ce: 0.0000, loss_kl: 0.0000, loss_total: 0.0000, time: 0.649, data_time: 0.000, memory: 5244, eta: 14:37:41
2026-03-29 22:33:15 - diffusion_denoiser - INFO - Iter [18900/100000]  lr: 4.75e-05, loss_ce: 0.0000, loss_kl: 0.0000, loss_total: 0.0000, time: 0.655, data_time: 0.000, memory: 5244, eta: 14:45:23
2026-03-29 22:34:21 - diffusion_denoiser - INFO - Iter [19000/100000]  lr: 4.74e-05, loss_ce: 0.0000, loss_kl: 0.0000, loss_total: 0.0000, time: 0.649, data_time: 0.000, memory: 5244, eta: 14:36:40
2026-03-29 22:34:21 - diffusion_denoiser - INFO - --- Validation @ iter 19000 ---
2026-03-29 22:40:44 - diffusion_denoiser - INFO - mIoU: 0.5373 | best: 0.5373 | eval_time: 383.9s
2026-03-29 22:40:44 - diffusion_denoiser - INFO - Per-class IoU: [0.9229, 0.6889, 0.    ]
2026-03-29 22:41:49 - diffusion_denoiser - INFO - Iter [19100/100000]  lr: 4.74e-05, loss_ce: 0.0000, loss_kl: 0.0000, loss_total: 0.0000, time: 0.648, data_time: 0.000, memory: 5244, eta: 14:34:11
2026-03-29 22:42:53 - diffusion_denoiser - INFO - Iter [19200/100000]  lr: 4.73e-05, loss_ce: 0.0000, loss_kl: 0.0000, loss_total: 0.0000, time: 0.646, data_time: 0.000, memory: 5244, eta: 14:30:32
2026-03-29 22:43:57 - diffusion_denoiser - INFO - Iter [19300/100000]  lr: 4.73e-05, loss_ce: 0.0000, loss_kl: 0.0000, loss_total: 0.0000, time: 0.638, data_time: 0.000, memory: 5244, eta: 14:18:40
2026-03-29 22:45:02 - diffusion_denoiser - INFO - Iter [19400/100000]  lr: 4.73e-05, loss_ce: 0.0000, loss_kl: 0.0000, loss_total: 0.0000, time: 0.648, data_time: 0.000, memory: 5244, eta: 14:30:18
2026-03-29 22:46:05 - diffusion_denoiser - INFO - Iter [19500/100000]  lr: 4.72e-05, loss_ce: 0.0000, loss_kl: 0.0000, loss_total: 0.0000, time: 0.640, data_time: 0.000, memory: 5244, eta: 14:18:33
2026-03-29 22:47:10 - diffusion_denoiser - INFO - Iter [19600/100000]  lr: 4.72e-05, loss_ce: 0.0000, loss_kl: 0.0000, loss_total: 0.0000, time: 0.649, data_time: 0.000, memory: 5244, eta: 14:29:24
2026-03-29 22:48:15 - diffusion_denoiser - INFO - Iter [19700/100000]  lr: 4.72e-05, loss_ce: 0.0000, loss_kl: 0.0000, loss_total: 0.0000, time: 0.648, data_time: 0.000, memory: 5244, eta: 14:27:25
2026-03-29 22:49:20 - diffusion_denoiser - INFO - Iter [19800/100000]  lr: 4.71e-05, loss_ce: 0.0000, loss_kl: 0.0000, loss_total: 0.0000, time: 0.650, data_time: 0.000, memory: 5244, eta: 14:28:21
2026-03-29 22:50:25 - diffusion_denoiser - INFO - Iter [19900/100000]  lr: 4.71e-05, loss_ce: 0.0000, loss_kl: 0.0000, loss_total: 0.0000, time: 0.653, data_time: 0.000, memory: 5244, eta: 14:31:18
2026-03-29 22:51:30 - diffusion_denoiser - INFO - Iter [20000/100000]  lr: 4.70e-05, loss_ce: 0.0001, loss_kl: -0.0000, loss_total: 0.0000, time: 0.653, data_time: 0.000, memory: 5244, eta: 14:30:25
2026-03-29 22:51:31 - diffusion_denoiser - INFO - Saving checkpoint at 20000 iterations: work_dirs/d3pm_crossattn_absorbing_resnet50_512x512_100k/iter_20000.pth
2026-03-29 22:51:31 - diffusion_denoiser - INFO - --- Validation @ iter 20000 ---
2026-03-29 22:57:56 - diffusion_denoiser - INFO - mIoU: 0.5373 | best: 0.5373 | eval_time: 384.8s
2026-03-29 22:57:56 - diffusion_denoiser - INFO - Per-class IoU: [0.9229, 0.6889, 0.    ]
2026-03-29 22:59:00 - diffusion_denoiser - INFO - Iter [20100/100000]  lr: 4.70e-05, loss_ce: 0.0000, loss_kl: 0.0000, loss_total: 0.0000, time: 0.643, data_time: 0.000, memory: 5244, eta: 14:16:03
2026-03-29 23:00:04 - diffusion_denoiser - INFO - Iter [20200/100000]  lr: 4.70e-05, loss_ce: 0.0000, loss_kl: 0.0000, loss_total: 0.0000, time: 0.643, data_time: 0.000, memory: 5244, eta: 14:15:44
2026-03-29 23:01:09 - diffusion_denoiser - INFO - Iter [20300/100000]  lr: 4.69e-05, loss_ce: 0.0000, loss_kl: 0.0000, loss_total: 0.0000, time: 0.638, data_time: 0.000, memory: 5244, eta: 14:07:40
2026-03-29 23:02:12 - diffusion_denoiser - INFO - Iter [20400/100000]  lr: 4.69e-05, loss_ce: 0.0000, loss_kl: 0.0000, loss_total: 0.0000, time: 0.640, data_time: 0.000, memory: 5244, eta: 14:08:38
2026-03-29 23:03:16 - diffusion_denoiser - INFO - Iter [20500/100000]  lr: 4.69e-05, loss_ce: 0.0000, loss_kl: 0.0000, loss_total: 0.0000, time: 0.637, data_time: 0.000, memory: 5244, eta: 14:03:57
